Using pre-set license
Built from '2020.3/staging' branch; Version is '2020.3.25f1 (9b9180224418) revision 10195328'; Using compiler version '192528614'; Build Type 'Release'
OS: 'Windows 10  (10.0.19043) 64bit Core' Language: 'en' Physical Memory: 16280 MB
BatchMode: 1, IsHumanControllingUs: 0, StartBugReporterOnCrash: 0, Is64bit: 1, IsPro: 0

COMMAND LINE ARGUMENTS:
C:\Program Files\Unity\Hub\Editor\2020.3.25f1\Editor\Unity.exe
-adb2
-batchMode
-noUpm
-name
AssetImportWorker0
-projectPath
C:/Users/iamzs/Unity/JuniorProgrammer/Programming-Theory-Repo/Programming-Theory
-logFile
Logs/AssetImportWorker0.log
-srvPort
63517
Successfully changed project path to: C:/Users/iamzs/Unity/JuniorProgrammer/Programming-Theory-Repo/Programming-Theory
C:/Users/iamzs/Unity/JuniorProgrammer/Programming-Theory-Repo/Programming-Theory
Using Asset Import Pipeline V2.
Refreshing native plugins compatible for Editor in 184.00 ms, found 2 plugins.
Preloading 0 native plugins for Editor in 0.00 ms.
Initialize engine version: 2020.3.25f1 (9b9180224418)
[Subsystems] Discovering subsystems at path C:/Program Files/Unity/Hub/Editor/2020.3.25f1/Editor/Data/Resources/UnitySubsystems
[Subsystems] Discovering subsystems at path C:/Users/iamzs/Unity/JuniorProgrammer/Programming-Theory-Repo/Programming-Theory/Assets
GfxDevice: creating device client; threaded=0
Direct3D:
    Version:  Direct3D 11.0 [level 11.0]
    Renderer: AMD Radeon HD 7600M Series (ID=0x6840)
    Vendor:   
    VRAM:     2032 MB
    Driver:   15.301.1901.0
Initialize mono
Mono path[0] = 'C:/Program Files/Unity/Hub/Editor/2020.3.25f1/Editor/Data/Managed'
Mono path[1] = 'C:/Program Files/Unity/Hub/Editor/2020.3.25f1/Editor/Data/MonoBleedingEdge/lib/mono/unityjit'
Mono config path = 'C:/Program Files/Unity/Hub/Editor/2020.3.25f1/Editor/Data/MonoBleedingEdge/etc'
Using monoOptions --debugger-agent=transport=dt_socket,embedding=1,server=y,suspend=n,address=127.0.0.1:56820
Begin MonoManager ReloadAssembly
Registering precompiled unity dll's ...
Register platform support module: C:/Program Files/Unity/Hub/Editor/2020.3.25f1/Editor/Data/PlaybackEngines/WebGLSupport/UnityEditor.WebGL.Extensions.dll
Register platform support module: C:/Program Files/Unity/Hub/Editor/2020.3.25f1/Editor/Data/PlaybackEngines/WindowsStandaloneSupport/UnityEditor.WindowsStandalone.Extensions.dll
Registered in 0.007065 seconds.
Native extension for WindowsStandalone target not found
Native extension for WebGL target not found
Refreshing native plugins compatible for Editor in 197.32 ms, found 2 plugins.
Preloading 0 native plugins for Editor in 0.00 ms.
Mono: successfully reloaded assembly
- Completed reload, in  1.188 seconds
Domain Reload Profiling:
	ReloadAssembly (1188ms)
		BeginReloadAssembly (119ms)
			ExecutionOrderSort (0ms)
			DisableScriptedObjects (0ms)
			BackupInstance (0ms)
			ReleaseScriptingObjects (0ms)
			CreateAndSetChildDomain (2ms)
		EndReloadAssembly (923ms)
			LoadAssemblies (115ms)
			RebuildTransferFunctionScriptingTraits (0ms)
			SetupTypeCache (279ms)
			ReleaseScriptCaches (0ms)
			RebuildScriptCaches (58ms)
			SetupLoadedEditorAssemblies (416ms)
				LogAssemblyErrors (0ms)
				InitializePlatformSupportModulesInManaged (12ms)
				SetLoadedEditorAssemblies (1ms)
				RefreshPlugins (197ms)
				BeforeProcessingInitializeOnLoad (26ms)
				ProcessInitializeOnLoadAttributes (138ms)
				ProcessInitializeOnLoadMethodAttributes (42ms)
				AfterProcessingInitializeOnLoad (0ms)
				EditorAssembliesLoaded (0ms)
			ExecutionOrderSort2 (0ms)
			AwakeInstancesAfterBackupRestoration (0ms)
Platform modules already initialized, skipping
Registering precompiled user dll's ...
Registered in 0.012846 seconds.
Begin MonoManager ReloadAssembly
Native extension for WindowsStandalone target not found
Native extension for WebGL target not found
Refreshing native plugins compatible for Editor in 184.89 ms, found 2 plugins.
Preloading 0 native plugins for Editor in 0.00 ms.
Mono: successfully reloaded assembly
- Completed reload, in  2.322 seconds
Domain Reload Profiling:
	ReloadAssembly (2324ms)
		BeginReloadAssembly (278ms)
			ExecutionOrderSort (0ms)
			DisableScriptedObjects (9ms)
			BackupInstance (0ms)
			ReleaseScriptingObjects (0ms)
			CreateAndSetChildDomain (29ms)
		EndReloadAssembly (1934ms)
			LoadAssemblies (184ms)
			RebuildTransferFunctionScriptingTraits (0ms)
			SetupTypeCache (612ms)
			ReleaseScriptCaches (1ms)
			RebuildScriptCaches (101ms)
			SetupLoadedEditorAssemblies (822ms)
				LogAssemblyErrors (0ms)
				InitializePlatformSupportModulesInManaged (10ms)
				SetLoadedEditorAssemblies (0ms)
				RefreshPlugins (185ms)
				BeforeProcessingInitializeOnLoad (190ms)
				ProcessInitializeOnLoadAttributes (403ms)
				ProcessInitializeOnLoadMethodAttributes (15ms)
				AfterProcessingInitializeOnLoad (19ms)
				EditorAssembliesLoaded (0ms)
			ExecutionOrderSort2 (0ms)
			AwakeInstancesAfterBackupRestoration (10ms)
Platform modules already initialized, skipping
========================================================================
Worker process is ready to serve import requests
Launched and connected shader compiler UnityShaderCompiler.exe after 0.09 seconds
Refreshing native plugins compatible for Editor in 1.88 ms, found 2 plugins.
Preloading 0 native plugins for Editor in 0.00 ms.
Unloading 3016 Unused Serialized files (Serialized files now loaded: 0)
System memory in use before: 143.5 MB.
System memory in use after: 143.6 MB.

Unloading 21 unused Assets to reduce memory usage. Loaded Objects now: 3454.
Total: 5.562600 ms (FindLiveObjects: 0.495500 ms CreateObjectMapping: 0.378200 ms MarkObjects: 4.539300 ms  DeleteObjects: 0.146700 ms)

AssetImportParameters requested are different than current active one (requested -> active):
  custom:framework-win-MediaFoundation: 216162199b28c13a410421893ffa2e32 -> 
  custom:video-decoder-ogg-theora: a1e56fd34408186e4bbccfd4996cb3dc -> 
  custom:container-muxer-webm: aa71ff27fc2769a1b78a27578f13a17b -> 
  custom:container-demuxer-webm: 4f35f7cbe854078d1ac9338744f61a02 -> 
  custom:container-demuxer-ogg: 62fdf1f143b41e24485cea50d1cbac27 -> 
  custom:video-encoder-webm-vp8: eb34c28f22e8b96e1ab97ce403110664 -> 
  custom:video-decoder-webm-vp8: 9c59270c3fd7afecdb556c50c9e8de78 -> 
  custom:audio-decoder-ogg-vorbis: bf7c407c2cedff20999df2af8eb42d56 -> 
  custom:audio-encoder-webm-vorbis: bf7c407c2cedff20999df2af8eb42d56 -> 
========================================================================
Received Import Request.
  path: Assets/Asset Unlock - 3D Prototyping/Character/Prefabs
  artifactKey: Guid(9ad0384ab0db5f9419fa8e707063e526) Importer(815301076,1909f56bfc062723c751e8b465ee728b)
Start importing Assets/Asset Unlock - 3D Prototyping/Character/Prefabs using Guid(9ad0384ab0db5f9419fa8e707063e526) Importer(815301076,1909f56bfc062723c751e8b465ee728b)  -> (artifact id: '16cee57260235cd3c3f29de68ecf0917') in 0.012458 seconds 
  Import took 0.021774 seconds .

========================================================================
Received Import Request.
  Time since last request: 13.758062 seconds.
  path: Assets/Asset Unlock - 3D Prototyping/Character/Models/Player.fbx
  artifactKey: Guid(e789208cc0d30394583b7dff5534029e) Importer(815301076,1909f56bfc062723c751e8b465ee728b)
Start importing Assets/Asset Unlock - 3D Prototyping/Character/Models/Player.fbx using Guid(e789208cc0d30394583b7dff5534029e) Importer(815301076,1909f56bfc062723c751e8b465ee728b)  -> (artifact id: '59bec8a68f83da80e945865b3f1e3eff') in 0.773234 seconds 
  Import took 0.781754 seconds .

========================================================================
Received Import Request.
  Time since last request: 160.339069 seconds.
  path: Assets/GUIPack-Clean&Minimalist/Demo/Animations/Spinner/Item 1.overrideController
  artifactKey: Guid(e62610bcef7c24ea8ad8441e74ff478e) Importer(815301076,1909f56bfc062723c751e8b465ee728b)
Start importing Assets/GUIPack-Clean&Minimalist/Demo/Animations/Spinner/Item 1.overrideController using Guid(e62610bcef7c24ea8ad8441e74ff478e) Importer(815301076,1909f56bfc062723c751e8b465ee728b)  -> (artifact id: 'e827a4bf6a0e882af2a47589c12e3725') in 0.027876 seconds 
  Import took 0.040299 seconds .

========================================================================
Received Import Request.
  Time since last request: 0.000421 seconds.
  path: Assets/GUIPack-Clean&Minimalist/Demo/Animations/Spinner/Item 2.overrideController
  artifactKey: Guid(67af611d82b3b443a8267327d0244d56) Importer(815301076,1909f56bfc062723c751e8b465ee728b)
Start importing Assets/GUIPack-Clean&Minimalist/Demo/Animations/Spinner/Item 2.overrideController using Guid(67af611d82b3b443a8267327d0244d56) Importer(815301076,1909f56bfc062723c751e8b465ee728b)  -> (artifact id: '480ad87f78d0abff8c389df6adbc5ce1') in 0.013158 seconds 
  Import took 0.021781 seconds .

========================================================================
Received Import Request.
  Time since last request: 0.000448 seconds.
  path: Assets/GUIPack-Clean&Minimalist/Demo/Animations/Spinner/Item 3.overrideController
  artifactKey: Guid(344bdea05d4ba4a9a8f9bda11f798ec3) Importer(815301076,1909f56bfc062723c751e8b465ee728b)
Start importing Assets/GUIPack-Clean&Minimalist/Demo/Animations/Spinner/Item 3.overrideController using Guid(344bdea05d4ba4a9a8f9bda11f798ec3) Importer(815301076,1909f56bfc062723c751e8b465ee728b)  -> (artifact id: '94d45fcc294f418239806a846eda9d93') in 0.010321 seconds 
  Import took 0.019383 seconds .

========================================================================
Received Import Request.
  Time since last request: 2.951632 seconds.
  path: Assets/GUIPack-Clean&Minimalist/Demo/Animations/Spinner/Item 4.overrideController
  artifactKey: Guid(1c789374995644a0880500f4ac5993f4) Importer(815301076,1909f56bfc062723c751e8b465ee728b)
Start importing Assets/GUIPack-Clean&Minimalist/Demo/Animations/Spinner/Item 4.overrideController using Guid(1c789374995644a0880500f4ac5993f4) Importer(815301076,1909f56bfc062723c751e8b465ee728b)  -> (artifact id: '62dac06afad3670241a30d112d15b973') in 0.010422 seconds 
  Import took 0.019275 seconds .

========================================================================
Received Import Request.
  Time since last request: 0.000597 seconds.
  path: Assets/GUIPack-Clean&Minimalist/Demo/Animations/Spinner/Item 5.overrideController
  artifactKey: Guid(7f04da94c0a564a3c9eca9bc1bc5c771) Importer(815301076,1909f56bfc062723c751e8b465ee728b)
Start importing Assets/GUIPack-Clean&Minimalist/Demo/Animations/Spinner/Item 5.overrideController using Guid(7f04da94c0a564a3c9eca9bc1bc5c771) Importer(815301076,1909f56bfc062723c751e8b465ee728b)  -> (artifact id: '57926da9db56ddb3bc8e663122a5f78f') in 0.012030 seconds 
  Import took 0.021121 seconds .

========================================================================
Received Import Request.
  Time since last request: 0.857654 seconds.
  path: Assets/GUIPack-Clean&Minimalist/Demo/Animations/Spinner/Item 6.overrideController
  artifactKey: Guid(328bc9a947c664ce3963a59272860318) Importer(815301076,1909f56bfc062723c751e8b465ee728b)
Start importing Assets/GUIPack-Clean&Minimalist/Demo/Animations/Spinner/Item 6.overrideController using Guid(328bc9a947c664ce3963a59272860318) Importer(815301076,1909f56bfc062723c751e8b465ee728b)  -> (artifact id: '15973b36f6ee1a0743fcf146e3d975c9') in 0.016328 seconds 
  Import took 0.031453 seconds .

========================================================================
Received Import Request.
  Time since last request: 0.000545 seconds.
  path: Assets/GUIPack-Clean&Minimalist/Demo/Animations/Spinner/Item 7.overrideController
  artifactKey: Guid(937e135daf1254cb9a459e63cd9bb1c8) Importer(815301076,1909f56bfc062723c751e8b465ee728b)
Start importing Assets/GUIPack-Clean&Minimalist/Demo/Animations/Spinner/Item 7.overrideController using Guid(937e135daf1254cb9a459e63cd9bb1c8) Importer(815301076,1909f56bfc062723c751e8b465ee728b)  -> (artifact id: '87478ca1d4a67bac317a14954509fafe') in 0.011227 seconds 
  Import took 0.020519 seconds .

========================================================================
Received Import Request.
  Time since last request: 0.495373 seconds.
  path: Assets/GUIPack-Clean&Minimalist/Demo/Animations/Spinner/Item 8.overrideController
  artifactKey: Guid(555e6344c99114c9db102252d2d58762) Importer(815301076,1909f56bfc062723c751e8b465ee728b)
Start importing Assets/GUIPack-Clean&Minimalist/Demo/Animations/Spinner/Item 8.overrideController using Guid(555e6344c99114c9db102252d2d58762) Importer(815301076,1909f56bfc062723c751e8b465ee728b)  -> (artifact id: '06015196f0547501b208746ff8e03d75') in 0.011981 seconds 
  Import took 0.022895 seconds .

========================================================================
Received Import Request.
  Time since last request: 24.922759 seconds.
  path: Assets/Asset Unlock - 3D Prototyping/Character/Models
  artifactKey: Guid(598b56e2e0024ba4a949ca318a631f6f) Importer(815301076,1909f56bfc062723c751e8b465ee728b)
Start importing Assets/Asset Unlock - 3D Prototyping/Character/Models using Guid(598b56e2e0024ba4a949ca318a631f6f) Importer(815301076,1909f56bfc062723c751e8b465ee728b)  -> (artifact id: '42f848ec087d0dc33dd17e4e97f32bdd') in 0.006957 seconds 
  Import took 0.015984 seconds .

========================================================================
Received Import Request.
  Time since last request: 17.006339 seconds.
  path: Assets/Asset Unlock - 3D Prototyping/Prototyping Assets/Models
  artifactKey: Guid(bd9c514eb68bda9449f47f0ab218da0d) Importer(815301076,1909f56bfc062723c751e8b465ee728b)
Start importing Assets/Asset Unlock - 3D Prototyping/Prototyping Assets/Models using Guid(bd9c514eb68bda9449f47f0ab218da0d) Importer(815301076,1909f56bfc062723c751e8b465ee728b)  -> (artifact id: 'fea9e35e3843c452170c530db52317b2') in 0.005668 seconds 
  Import took 0.014903 seconds .

========================================================================
Received Import Request.
  Time since last request: 61.762028 seconds.
  path: Assets/Asset Unlock - 3D Prototyping/Scripts/ThirdPersonController.cs
  artifactKey: Guid(38f754c33d3312e409fddb2725b41b94) Importer(815301076,1909f56bfc062723c751e8b465ee728b)
Start importing Assets/Asset Unlock - 3D Prototyping/Scripts/ThirdPersonController.cs using Guid(38f754c33d3312e409fddb2725b41b94) Importer(815301076,1909f56bfc062723c751e8b465ee728b)  -> (artifact id: '991576f73fb5222d41fa82091d81fc3e') in 0.012712 seconds 
  Import took 0.021165 seconds .

========================================================================
Received Prepare
Registering precompiled user dll's ...
Registered in 0.015739 seconds.
Begin MonoManager ReloadAssembly
Native extension for WindowsStandalone target not found
Native extension for WebGL target not found
Refreshing native plugins compatible for Editor in 1.49 ms, found 2 plugins.
Preloading 0 native plugins for Editor in 0.00 ms.
Mono: successfully reloaded assembly
- Completed reload, in  2.312 seconds
Domain Reload Profiling:
	ReloadAssembly (2313ms)
		BeginReloadAssembly (308ms)
			ExecutionOrderSort (0ms)
			DisableScriptedObjects (10ms)
			BackupInstance (0ms)
			ReleaseScriptingObjects (0ms)
			CreateAndSetChildDomain (63ms)
		EndReloadAssembly (1847ms)
			LoadAssemblies (323ms)
			RebuildTransferFunctionScriptingTraits (0ms)
			SetupTypeCache (647ms)
			ReleaseScriptCaches (2ms)
			RebuildScriptCaches (90ms)
			SetupLoadedEditorAssemblies (621ms)
				LogAssemblyErrors (0ms)
				InitializePlatformSupportModulesInManaged (9ms)
				SetLoadedEditorAssemblies (1ms)
				RefreshPlugins (2ms)
				BeforeProcessingInitializeOnLoad (191ms)
				ProcessInitializeOnLoadAttributes (384ms)
				ProcessInitializeOnLoadMethodAttributes (15ms)
				AfterProcessingInitializeOnLoad (19ms)
				EditorAssembliesLoaded (0ms)
			ExecutionOrderSort2 (0ms)
			AwakeInstancesAfterBackupRestoration (26ms)
Platform modules already initialized, skipping
Refreshing native plugins compatible for Editor in 2.31 ms, found 2 plugins.
Preloading 0 native plugins for Editor in 0.00 ms.
Unloading 2892 Unused Serialized files (Serialized files now loaded: 0)
System memory in use before: 153.5 MB.
System memory in use after: 153.8 MB.

Unloading 16 unused Assets to reduce memory usage. Loaded Objects now: 3538.
Total: 6.071000 ms (FindLiveObjects: 0.566300 ms CreateObjectMapping: 0.422800 ms MarkObjects: 5.036300 ms  DeleteObjects: 0.043300 ms)

AssetImportParameters requested are different than current active one (requested -> active):
  custom:framework-win-MediaFoundation: 216162199b28c13a410421893ffa2e32 -> 
  custom:video-decoder-ogg-theora: a1e56fd34408186e4bbccfd4996cb3dc -> 
  custom:container-muxer-webm: aa71ff27fc2769a1b78a27578f13a17b -> 
  custom:container-demuxer-webm: 4f35f7cbe854078d1ac9338744f61a02 -> 
  custom:container-demuxer-ogg: 62fdf1f143b41e24485cea50d1cbac27 -> 
  custom:video-encoder-webm-vp8: eb34c28f22e8b96e1ab97ce403110664 -> 
  custom:video-decoder-webm-vp8: 9c59270c3fd7afecdb556c50c9e8de78 -> 
  custom:audio-decoder-ogg-vorbis: bf7c407c2cedff20999df2af8eb42d56 -> 
  custom:audio-encoder-webm-vorbis: bf7c407c2cedff20999df2af8eb42d56 -> 
========================================================================
Received Prepare
Registering precompiled user dll's ...
Registered in 0.017375 seconds.
Begin MonoManager ReloadAssembly
Native extension for WindowsStandalone target not found
Native extension for WebGL target not found
Refreshing native plugins compatible for Editor in 1.45 ms, found 2 plugins.
Preloading 0 native plugins for Editor in 0.00 ms.
Mono: successfully reloaded assembly
- Completed reload, in  1.898 seconds
Domain Reload Profiling:
	ReloadAssembly (1899ms)
		BeginReloadAssembly (268ms)
			ExecutionOrderSort (0ms)
			DisableScriptedObjects (14ms)
			BackupInstance (0ms)
			ReleaseScriptingObjects (0ms)
			CreateAndSetChildDomain (105ms)
		EndReloadAssembly (1520ms)
			LoadAssemblies (176ms)
			RebuildTransferFunctionScriptingTraits (0ms)
			SetupTypeCache (534ms)
			ReleaseScriptCaches (2ms)
			RebuildScriptCaches (75ms)
			SetupLoadedEditorAssemblies (529ms)
				LogAssemblyErrors (0ms)
				InitializePlatformSupportModulesInManaged (8ms)
				SetLoadedEditorAssemblies (1ms)
				RefreshPlugins (2ms)
				BeforeProcessingInitializeOnLoad (156ms)
				ProcessInitializeOnLoadAttributes (327ms)
				ProcessInitializeOnLoadMethodAttributes (15ms)
				AfterProcessingInitializeOnLoad (19ms)
				EditorAssembliesLoaded (1ms)
			ExecutionOrderSort2 (0ms)
			AwakeInstancesAfterBackupRestoration (25ms)
Platform modules already initialized, skipping
Refreshing native plugins compatible for Editor in 1.51 ms, found 2 plugins.
Preloading 0 native plugins for Editor in 0.00 ms.
Unloading 2892 Unused Serialized files (Serialized files now loaded: 0)
System memory in use before: 153.6 MB.
System memory in use after: 153.8 MB.

Unloading 16 unused Assets to reduce memory usage. Loaded Objects now: 3540.
Total: 4.996900 ms (FindLiveObjects: 0.389400 ms CreateObjectMapping: 0.200900 ms MarkObjects: 4.362900 ms  DeleteObjects: 0.041400 ms)

AssetImportParameters requested are different than current active one (requested -> active):
  custom:framework-win-MediaFoundation: 216162199b28c13a410421893ffa2e32 -> 
  custom:video-decoder-ogg-theora: a1e56fd34408186e4bbccfd4996cb3dc -> 
  custom:container-muxer-webm: aa71ff27fc2769a1b78a27578f13a17b -> 
  custom:container-demuxer-webm: 4f35f7cbe854078d1ac9338744f61a02 -> 
  custom:container-demuxer-ogg: 62fdf1f143b41e24485cea50d1cbac27 -> 
  custom:video-encoder-webm-vp8: eb34c28f22e8b96e1ab97ce403110664 -> 
  custom:video-decoder-webm-vp8: 9c59270c3fd7afecdb556c50c9e8de78 -> 
  custom:audio-decoder-ogg-vorbis: bf7c407c2cedff20999df2af8eb42d56 -> 
  custom:audio-encoder-webm-vorbis: bf7c407c2cedff20999df2af8eb42d56 -> 
AssetImportWorkerClient::OnTransportError - code=2 error=End of file
